********************************************************************************
product = WebSphere Application Server 19.0.0.9 (wlp-1.0.32.cl190920190905-0148)
wlp.install.dir = /opt/mqm/web/
server.config.dir = /var/mqm/web/installations/Installation1/servers/mqweb/
java.home = /opt/mqm/java/jre64/jre
java.version = 1.8.0_221
java.runtime = Java(TM) SE Runtime Environment (8.0.5.41 - pxa6480sr5fp41-20190919_01(SR5 FP41))
os = Linux (5.11.0-17-generic; amd64) (en_US)
process = 623@172.22.0.2
********************************************************************************
[5/18/21 10:14:16:452 UTC] 00000001 com.ibm.ws.kernel.launch.internal.FrameworkManager           A CWWKE0001I: The server mqweb has been launched.
[5/18/21 10:14:16:666 UTC] 0000002e com.ibm.ws.config.xml.internal.XMLConfigParser               A CWWKG0028A: Processing included configuration resource: /opt/mqm/web/mq/etc/mqweb.xml
[5/18/21 10:14:16:671 UTC] 0000002e com.ibm.ws.config.xml.internal.XMLConfigParser               A CWWKG0028A: Processing included configuration resource: /var/mqm/web/installations/Installation1/servers/mqweb/mqwebuser.xml
[5/18/21 10:14:16:671 UTC] 0000002e com.ibm.ws.config.xml.internal.XMLConfigParser               A CWWKG0028A: Processing included configuration resource: /var/mqm/web/installations/Installation1/servers/mqweb/tls.xml
[5/18/21 10:14:16:731 UTC] 00000001 com.ibm.ws.kernel.launch.internal.FrameworkManager           I CWWKE0002I: The kernel started after 0.321 seconds
[5/18/21 10:14:16:761 UTC] 00000038 com.ibm.ws.kernel.feature.internal.FeatureManager            I CWWKF0007I: Feature update started.
[5/18/21 10:14:17:086 UTC] 0000002c com.ibm.ws.security.ready.internal.SecurityReadyServiceImpl  I CWWKS0007I: The security service is starting...
[5/18/21 10:14:17:368 UTC] 0000002c ibm.ws.security.authentication.internal.jaas.JAASServiceImpl I CWWKS1123I: The collective authentication plugin with class name NullCollectiveAuthenticationPlugin has been activated. 
[5/18/21 10:14:17:506 UTC] 00000040 com.ibm.ws.security.ready.internal.SecurityReadyServiceImpl  I CWWKS0008I: The security service is ready.
[5/18/21 10:14:17:507 UTC] 00000040 com.ibm.ws.security.token.ltpa.internal.LTPAKeyCreateTask    I CWWKS4105I: LTPA configuration is ready after 0.146 seconds.
[5/18/21 10:14:17:527 UTC] 0000002c com.ibm.ws.cache.ServerCache                                 I DYNA1001I: WebSphere Dynamic Cache instance named baseCache initialized successfully.
[5/18/21 10:14:17:528 UTC] 0000002c com.ibm.ws.cache.ServerCache                                 I DYNA1071I: The cache provider default is being used.
[5/18/21 10:14:17:528 UTC] 0000002c com.ibm.ws.cache.CacheServiceImpl                            I DYNA1056I: Dynamic Cache (object cache) initialized successfully.
[5/18/21 10:14:17:550 UTC] 00000044 com.ibm.ws.app.manager.AppMessageHelper                      I CWWKZ0018I: Starting application com.ibm.mq.rest.
[5/18/21 10:14:17:550 UTC] 00000045 com.ibm.ws.app.manager.AppMessageHelper                      I CWWKZ0018I: Starting application com.ibm.mq.console.
[5/18/21 10:14:17:550 UTC] 00000044 bm.ws.app.manager.ear.internal.EARDeployedAppInfoFactoryImpl I CWWKZ0136I: The com.ibm.mq.rest application is using the archive file at the /opt/mqm/web/mq/apps/com.ibm.mq.rest.ear location.
[5/18/21 10:14:17:550 UTC] 00000045 bm.ws.app.manager.ear.internal.EARDeployedAppInfoFactoryImpl I CWWKZ0136I: The com.ibm.mq.console application is using the archive file at the /opt/mqm/web/mq/apps/com.ibm.mq.console.ear location.
[5/18/21 10:14:17:573 UTC] 00000034 com.ibm.ws.ssl.config.WSKeyStore                             I Successfully loaded default keystore: /var/mqm/web/installations/Installation1/servers/mqweb/resources/security/key.jks of type: JKS
[5/18/21 10:14:17:588 UTC] 00000049 com.ibm.ws.tcpchannel.internal.TCPChannel                    I CWWKO0219I: TCP Channel defaultHttpEndpoint-ssl has been started and is now listening for requests on host *  (IPv4) port 9443.
[5/18/21 10:14:17:703 UTC] 00000045 com.ibm.ws.session.WASSessionCore                            I SESN8501I: The session manager did not find a persistent storage location; HttpSession objects will be stored in the local application server's memory.
[5/18/21 10:14:17:706 UTC] 00000045 com.ibm.ws.webcontainer.osgi.webapp.WebGroup                 I SRVE0169I: Loading Web Module: mqconsole.
[5/18/21 10:14:17:707 UTC] 00000045 com.ibm.ws.webcontainer                                      I SRVE0250I: Web Module mqconsole has been bound to default_host.
[5/18/21 10:14:17:707 UTC] 00000045 com.ibm.ws.http.internal.VirtualHostImpl                     A CWWKT0016I: Web application available (default_host): https://aceserver:9443/ibmmq/console/
[5/18/21 10:14:17:727 UTC] 00000045 com.ibm.ws.webcontainer.osgi.webapp.WebGroup                 I SRVE0169I: Loading Web Module: com.ibm.mq.consoleinternal.
[5/18/21 10:14:17:727 UTC] 00000045 com.ibm.ws.webcontainer                                      I SRVE0250I: Web Module com.ibm.mq.consoleinternal has been bound to default_host.
[5/18/21 10:14:17:727 UTC] 00000045 com.ibm.ws.http.internal.VirtualHostImpl                     A CWWKT0016I: Web application available (default_host): https://aceserver:9443/ibmmq/console/internal/
[5/18/21 10:14:17:729 UTC] 00000045 com.ibm.ws.app.manager.AppMessageHelper                      A CWWKZ0001I: Application com.ibm.mq.console started in 0.179 seconds.
[5/18/21 10:14:17:750 UTC] 00000051 com.ibm.ws.webcontainer.osgi.mbeans.PluginGenerator          I SRVE9103I: A configuration file for a web server plugin was automatically generated for this server at /var/mqm/web/installations/Installation1/servers/mqweb/logs/state/plugin-cfg.xml.
[5/18/21 10:14:17:771 UTC] 0000004f com.ibm.ws.session.WASSessionCore                            I SESN0176I: A new session context will be created for application key default_host/ibmmq/console
[5/18/21 10:14:17:771 UTC] 00000050 com.ibm.ws.session.WASSessionCore                            I SESN0176I: A new session context will be created for application key default_host/ibmmq/console/internal
[5/18/21 10:14:17:773 UTC] 0000004f com.ibm.ws.util                                              I SESN0172I: The session manager is using the Java default SecureRandom implementation for session ID generation.
[5/18/21 10:14:17:774 UTC] 00000050 com.ibm.ws.util                                              I SESN0172I: The session manager is using the Java default SecureRandom implementation for session ID generation.
[5/18/21 10:14:17:788 UTC] 0000004f com.ibm.ws.cache.CacheServiceImpl                            I DYNA1056I: Dynamic Cache (object cache) initialized successfully.
[5/18/21 10:14:17:829 UTC] 0000004f com.ibm.ws.webcontainer.security.ServletStartedListener      I CWWKS9122I:  For URL /login.html in application com.ibm.mq.console, the following HTTP methods are uncovered, and accessible: POST PUT DELETE HEAD OPTIONS TRACE 
[5/18/21 10:14:17:830 UTC] 0000004f com.ibm.ws.webcontainer.security.ServletStartedListener      I CWWKS9122I:  For URL /500.html in application com.ibm.mq.console, the following HTTP methods are uncovered, and accessible: POST PUT DELETE HEAD OPTIONS TRACE 
[5/18/21 10:14:17:857 UTC] 00000044 com.ibm.ws.webcontainer.osgi.webapp.WebGroup                 I SRVE0169I: Loading Web Module: com.ibm.mq.rest.v1.
[5/18/21 10:14:17:857 UTC] 00000044 com.ibm.ws.webcontainer                                      I SRVE0250I: Web Module com.ibm.mq.rest.v1 has been bound to default_host.
[5/18/21 10:14:17:857 UTC] 00000044 com.ibm.ws.http.internal.VirtualHostImpl                     A CWWKT0016I: Web application available (default_host): https://aceserver:9443/ibmmq/rest/v1/
[5/18/21 10:14:17:860 UTC] 00000044 com.ibm.ws.app.manager.AppMessageHelper                      A CWWKZ0001I: Application com.ibm.mq.rest started in 0.310 seconds.
[5/18/21 10:14:17:860 UTC] 00000050 com.ibm.ws.wsoc.EndpointManager                              I CWWKH0046I: Adding a WebSocket ServerEndpoint with the following URI: /listenerEndpoint
[5/18/21 10:14:17:864 UTC] 00000050 com.ibm.mq.ui.utils.ServletListener                          A MQWB2019I: MQ Console level: p914-L191127.DE
[5/18/21 10:14:17:867 UTC] 00000053 com.ibm.ws.webcontainer.osgi.mbeans.PluginGenerator          I SRVE9103I: A configuration file for a web server plugin was automatically generated for this server at /var/mqm/web/installations/Installation1/servers/mqweb/logs/state/plugin-cfg.xml.
[5/18/21 10:14:17:878 UTC] 00000038 com.ibm.ws.kernel.feature.internal.FeatureManager            A CWWKF0015I: The server has the following interim fixes active in the runtime: PH16611,PH13983. For a full listing of installed fixes run: productInfo version --ifixes
[5/18/21 10:14:17:878 UTC] 00000038 com.ibm.ws.kernel.feature.internal.FeatureManager            A CWWKF0012I: The server installed the following features: [appSecurity-2.0, applicationMonitorMQ-1.0, basicAuthenticationMQ-1.0, concurrent-1.0, distributedMap-1.0, jaxrs-1.1, jndi-1.0, json-1.0, jsp-2.2, localConnector-1.0, servlet-3.1, ssl-1.0, websocket-1.0].
[5/18/21 10:14:17:879 UTC] 00000038 com.ibm.ws.kernel.feature.internal.FeatureManager            I CWWKF0008I: Feature update completed in 1.148 seconds.
[5/18/21 10:14:17:879 UTC] 00000038 com.ibm.ws.kernel.feature.internal.FeatureManager            A CWWKF0011I: The mqweb server is ready to run a smarter planet. The mqweb server started in 1.469 seconds.
[5/18/21 10:14:17:879 UTC] 00000052 com.ibm.ws.session.WASSessionCore                            I SESN0176I: A new session context will be created for application key default_host/ibmmq/rest/v1
[5/18/21 10:14:17:880 UTC] 00000052 com.ibm.ws.util                                              I SESN0172I: The session manager is using the Java default SecureRandom implementation for session ID generation.
[5/18/21 10:14:18:000 UTC] 00000052 com.ibm.mq.mft.restapi.util.TransferServletListener          A MQWB0400E: The MFT REST API is not enabled.
[5/18/21 10:14:18:000 UTC] 00000052 com.ibm.mq.restapi.util.ServletListener                      A MQWB0023I: MQ REST API level: p914-L191127.DE
