
==============================================

!Fri May 14 14:55:55 ICT 2021

Processing file staticLib\library.descriptor.
Successfully added file staticLib\library.descriptor to BAR file.
Elapsed time: 0 second(s).

Successfully added file staticLib\library.descriptor to BAR file.

==============================================

!Fri May 14 14:55:55 ICT 2021

Processing file staticLib\library.descriptor.
Successfully added file staticLib\library.descriptor to BAR file.
Elapsed time: 0.001 second(s).

Successfully added file staticLib\library.descriptor to BAR file.

==============================================

!Fri May 14 14:55:55 ICT 2021

Processing file staticLib\test\test\test.xsd.
Successfully added file staticLib\test\test\test.xsd to BAR file.


==============================================

!Fri May 14 15:14:58 ICT 2021

Processing file staticLib\library.descriptor.
Successfully added file staticLib\library.descriptor to BAR file.
Elapsed time: 0 second(s).

Successfully added file staticLib\library.descriptor to BAR file.

==============================================

!Fri May 14 15:14:58 ICT 2021

Processing file staticLib\library.descriptor.
Successfully added file staticLib\library.descriptor to BAR file.
Elapsed time: 0 second(s).

Successfully added file staticLib\library.descriptor to BAR file.

==============================================

!Fri May 14 15:14:58 ICT 2021

Processing file staticLib\test\test\test.xsd.
Successfully added file staticLib\test\test\test.xsd to BAR file.
