
==============================================

!Fri May 14 14:55:55 ICT 2021

Successfully added file demo3\helloworld.msgflow to BAR file.

Successfully added file demo3\UnitTest\db1Test.msgflow to BAR file.

Successfully added file demo3\MQTT\mqtt_subcribe.msgflow to BAR file.

Successfully added file demo3\IBMdefined\CommaSeparatedFormat.xsd to BAR file.

Successfully added file demo3\UnitTest\db1Test_Mapping.map to BAR file.

Successfully added file demo3\UnitTest\db1Test_dbtest.map to BAR file.

Successfully added file demo3\application.descriptor to BAR file.

Successfully added file demo3\application.descriptor to BAR file.

Successfully added file demo3\application.descriptor to BAR file.

Successfully added file demo3\application.descriptor to BAR file.

Successfully added file demo3\csvSample.xsd to BAR file.

Successfully added file demo3\databasemodel.xsd to BAR file.

Successfully added file demo3\db1Test_Compute.esql to BAR file.

Successfully added file demo3\helloworld_Compute.esql to BAR file.

Successfully added file demo3\helloworld_Compute1.esql to BAR file.

Successfully added file demo3\helloworld_Filter.esql to BAR file.

Successfully added file demo3\helloworld_Mapping.map to BAR file.

Successfully added file demo3\helloworld_responseData.map to BAR file.

Successfully added file demo3\helloworld_xmlmapping.map to BAR file.

Successfully added file demo3\sampledata.xsd to BAR file.

Successfully added file demo3\test\test\test.xsd to BAR file.

Successfully added file demo3\testsubflow.subflow to BAR file.

Successfully added file staticLib to BAR file.

Successfully added file demo3Java\.classpath to BAR file.


==============================================

!Fri May 14 15:14:58 ICT 2021

Successfully added file demo3\helloworld.msgflow to BAR file.

Successfully added file demo3\UnitTest\db1Test.msgflow to BAR file.

Successfully added file demo3\MQTT\mqtt_subcribe.msgflow to BAR file.

Successfully added file demo3\IBMdefined\CommaSeparatedFormat.xsd to BAR file.

Successfully added file demo3\UnitTest\db1Test_Mapping.map to BAR file.

Successfully added file demo3\UnitTest\db1Test_dbtest.map to BAR file.

Successfully added file demo3\application.descriptor to BAR file.

Successfully added file demo3\application.descriptor to BAR file.

Successfully added file demo3\application.descriptor to BAR file.

Successfully added file demo3\application.descriptor to BAR file.

Successfully added file demo3\csvSample.xsd to BAR file.

Successfully added file demo3\databasemodel.xsd to BAR file.

Successfully added file demo3\db1Test_Compute.esql to BAR file.

Successfully added file demo3\helloworld_Compute.esql to BAR file.

Successfully added file demo3\helloworld_Compute1.esql to BAR file.

Successfully added file demo3\helloworld_Filter.esql to BAR file.

Successfully added file demo3\helloworld_Mapping.map to BAR file.

Successfully added file demo3\helloworld_responseData.map to BAR file.

Successfully added file demo3\helloworld_xmlmapping.map to BAR file.

Successfully added file demo3\sampledata.xsd to BAR file.

Successfully added file demo3\test\test\test.xsd to BAR file.

Successfully added file demo3\testsubflow.subflow to BAR file.

Successfully added file staticLib to BAR file.

Successfully added file demo3Java\.classpath to BAR file.
